<?xml version="1.0" encoding="UTF-8"?>
<!-- Generated by org.testng.reporters.JUnitReportReporter -->
<testsuite skipped="0" hostname="DESKTOP-UR5N8JG" name="runner.TestRunner" tests="2" failures="0" timestamp="2020-03-02T01:26:15 GMT" time="6.909" errors="0">
  <testcase name="feature" time="6.281" classname="runner.TestRunner"/>
  <testcase name="feature" time="0.628" classname="runner.TestRunner"/>
</testsuite> <!-- runner.TestRunner -->
